Added Component: Designator=A1(Monster Moto Shield)
Added Component: Designator=A2(Monster Moto Shield)
Added Component: Designator=A3(DC-DC Board)
Added Component: Designator=A4(GY-BNO055 board)
Added Component: Designator=A5(BluePill)
Added Component: Designator=A6(BluePill)
Added Component: Designator=A7(BluePill)
Added Component: Designator=C1(C0603C)
Added Component: Designator=C2(C0603C)
Added Component: Designator=DD1(SO-14)
Added Component: Designator=HL1(ledrad3mm)
Added Component: Designator=HL2(ledrad3mm)
Added Component: Designator=LS1(Buzzer 12mm)
Added Component: Designator=R1(R0603)
Added Component: Designator=R2(R0603)
Added Component: Designator=R3(R0603)
Added Component: Designator=R4(R0603)
Added Component: Designator=R5(R0603)
Added Component: Designator=R6(R0603)
Added Component: Designator=R7(R0603)
Added Component: Designator=R8(R0603)
Added Component: Designator=XP1(JST 4pin)
Added Component: Designator=XP2(JST 4pin)
Added Component: Designator=XP3(JST 4pin)
Added Component: Designator=XP4(JST 4pin)
Added Component: Designator=XP5(B2P-VH)
Added Component: Designator=XP6(B2P-VH)
Added Component: Designator=XP7(B2P-VH)
Added Component: Designator=XP8(B2P-VH)
Added Component: Designator=XP9(XT60UPB-M)
Added Component: Designator=XP10(PLS-11)
Added Component: Designator=XP11(PLS-12)
Added Pin To Net: NetName=GND Pin=A1-16
Added Pin To Net: NetName=GND Pin=A1-17
Added Pin To Net: NetName=GND Pin=A1-18
Added Pin To Net: NetName=GND Pin=A2-16
Added Pin To Net: NetName=GND Pin=A2-17
Added Pin To Net: NetName=GND Pin=A2-18
Added Pin To Net: NetName=GND Pin=A3-4
Added Pin To Net: NetName=GND Pin=A4-7
Added Pin To Net: NetName=GND Pin=A5-19
Added Pin To Net: NetName=GND Pin=A5-21
Added Pin To Net: NetName=GND Pin=A5-22
Added Pin To Net: NetName=GND Pin=A6-19
Added Pin To Net: NetName=GND Pin=A6-21
Added Pin To Net: NetName=GND Pin=A6-22
Added Pin To Net: NetName=GND Pin=A7-19
Added Pin To Net: NetName=GND Pin=A7-22
Added Pin To Net: NetName=GND Pin=C1-2
Added Pin To Net: NetName=GND Pin=C2-2
Added Pin To Net: NetName=GND Pin=DD1-7
Added Pin To Net: NetName=GND Pin=R3-2
Added Pin To Net: NetName=GND Pin=R4-2
Add Pin To Net: Unknown Pin: Pin SB1-S1
Add Pin To Net: Unknown Pin: Pin SB2-S1
Add Pin To Net: Unknown Pin: Pin VT1-E
Added Pin To Net: NetName=GND Pin=XP1-4
Added Pin To Net: NetName=GND Pin=XP2-4
Added Pin To Net: NetName=GND Pin=XP3-4
Added Pin To Net: NetName=GND Pin=XP4-4
Added Pin To Net: NetName=GND Pin=XP10-2
Added Pin To Net: NetName=GND Pin=XP11-2
Added Pin To Net: NetName=3V3 Pin=A4-8
Added Pin To Net: NetName=3V3 Pin=A7-20
Added Pin To Net: NetName=3V3 Pin=A7-23
Added Pin To Net: NetName=3V3 Pin=R5-1
Added Pin To Net: NetName=3V3 Pin=R7-1
Added Pin To Net: NetName=3V3 Pin=XP10-3
Added Pin To Net: NetName=3V3 Pin=XP11-1
Added Net: Name=3V3
Added Pin To Net: NetName=5V Pin=A1-19
Added Pin To Net: NetName=5V Pin=A2-19
Added Pin To Net: NetName=5V Pin=A3-3
Added Pin To Net: NetName=5V Pin=A5-18
Added Pin To Net: NetName=5V Pin=A6-18
Added Pin To Net: NetName=5V Pin=A7-18
Added Pin To Net: NetName=5V Pin=A7-21
Added Pin To Net: NetName=5V Pin=LS1-1
Added Pin To Net: NetName=5V Pin=XP1-1
Added Pin To Net: NetName=5V Pin=XP2-1
Added Pin To Net: NetName=5V Pin=XP3-1
Added Pin To Net: NetName=5V Pin=XP4-1
Added Pin To Net: NetName=5V Pin=XP10-1
Added Pin To Net: NetName=5V Pin=XP11-3
Added Net: Name=5V
Added Pin To Net: NetName=12V Pin=A1-20
Added Pin To Net: NetName=12V Pin=A2-20
Added Pin To Net: NetName=12V Pin=A3-1
Added Pin To Net: NetName=12V Pin=XP9-1
Added Net: Name=12V
Added Pin To Net: NetName=CS1_1 Pin=A2-3
Added Pin To Net: NetName=CS1_1 Pin=A5-34
Added Net: Name=CS1_1
Added Pin To Net: NetName=CS1_2 Pin=A1-3
Added Pin To Net: NetName=CS1_2 Pin=A6-34
Added Net: Name=CS1_2
Added Pin To Net: NetName=CS2_1 Pin=A2-4
Added Pin To Net: NetName=CS2_1 Pin=A5-33
Added Net: Name=CS2_1
Added Pin To Net: NetName=CS2_2 Pin=A1-4
Added Pin To Net: NetName=CS2_2 Pin=A6-33
Added Net: Name=CS2_2
Added Pin To Net: NetName=EN1_1 Pin=A2-1
Added Pin To Net: NetName=EN1_1 Pin=A5-16
Added Net: Name=EN1_1
Added Pin To Net: NetName=EN1_2 Pin=A1-1
Added Pin To Net: NetName=EN1_2 Pin=A6-16
Added Net: Name=EN1_2
Added Pin To Net: NetName=EN2_1 Pin=A2-2
Added Pin To Net: NetName=EN2_1 Pin=A5-13
Added Net: Name=EN2_1
Added Pin To Net: NetName=EN2_2 Pin=A1-2
Added Pin To Net: NetName=EN2_2 Pin=A6-13
Added Net: Name=EN2_2
Added Pin To Net: NetName=ENC1_CH1_1 Pin=A5-5
Added Pin To Net: NetName=ENC1_CH1_1 Pin=XP1-2
Added Net: Name=ENC1_CH1_1
Added Pin To Net: NetName=ENC1_CH1_2 Pin=A6-5
Added Pin To Net: NetName=ENC1_CH1_2 Pin=XP2-2
Added Net: Name=ENC1_CH1_2
Added Pin To Net: NetName=ENC1_CH2_1 Pin=A5-6
Added Pin To Net: NetName=ENC1_CH2_1 Pin=XP1-3
Added Net: Name=ENC1_CH2_1
Added Pin To Net: NetName=ENC1_CH2_2 Pin=A6-6
Added Pin To Net: NetName=ENC1_CH2_2 Pin=XP2-3
Added Net: Name=ENC1_CH2_2
Added Pin To Net: NetName=ENC2_CH1_1 Pin=A5-36
Added Pin To Net: NetName=ENC2_CH1_1 Pin=XP3-2
Added Net: Name=ENC2_CH1_1
Added Pin To Net: NetName=ENC2_CH1_2 Pin=A6-36
Added Pin To Net: NetName=ENC2_CH1_2 Pin=XP4-2
Added Net: Name=ENC2_CH1_2
Added Pin To Net: NetName=ENC2_CH2_1 Pin=A5-35
Added Pin To Net: NetName=ENC2_CH2_1 Pin=XP3-3
Added Net: Name=ENC2_CH2_1
Added Pin To Net: NetName=ENC2_CH2_2 Pin=A6-35
Added Pin To Net: NetName=ENC2_CH2_2 Pin=XP4-3
Added Net: Name=ENC2_CH2_2
Added Pin To Net: NetName=I2C_SCL Pin=A4-6
Added Pin To Net: NetName=I2C_SCL Pin=A7-14
Added Pin To Net: NetName=I2C_SCL Pin=XP11-5
Added Net: Name=I2C_SCL
Added Pin To Net: NetName=I2C_SDA Pin=A4-5
Added Pin To Net: NetName=I2C_SDA Pin=A7-15
Added Pin To Net: NetName=I2C_SDA Pin=XP11-4
Added Net: Name=I2C_SDA
Added Pin To Net: NetName=IMU_INT Pin=A4-3
Added Pin To Net: NetName=IMU_INT Pin=A7-17
Added Net: Name=IMU_INT
Added Pin To Net: NetName=INA1_1 Pin=A2-8
Added Pin To Net: NetName=INA1_1 Pin=A5-14
Added Net: Name=INA1_1
Added Pin To Net: NetName=INA1_2 Pin=A1-8
Added Pin To Net: NetName=INA1_2 Pin=A6-14
Added Net: Name=INA1_2
Added Pin To Net: NetName=INA2_1 Pin=A2-5
Added Pin To Net: NetName=INA2_1 Pin=A5-11
Added Net: Name=INA2_1
Added Pin To Net: NetName=INA2_2 Pin=A1-5
Added Pin To Net: NetName=INA2_2 Pin=A6-11
Added Net: Name=INA2_2
Added Pin To Net: NetName=INB1_1 Pin=A2-9
Added Pin To Net: NetName=INB1_1 Pin=A5-15
Added Net: Name=INB1_1
Added Pin To Net: NetName=INB1_2 Pin=A1-9
Added Pin To Net: NetName=INB1_2 Pin=A6-15
Added Net: Name=INB1_2
Added Pin To Net: NetName=INB2_1 Pin=A2-10
Added Pin To Net: NetName=INB2_1 Pin=A5-12
Added Net: Name=INB2_1
Added Pin To Net: NetName=INB2_2 Pin=A1-10
Added Pin To Net: NetName=INB2_2 Pin=A6-12
Added Net: Name=INB2_2
Added Pin To Net: NetName=INU_ADDR Pin=A4-4
Added Pin To Net: NetName=INU_ADDR Pin=A7-16
Added Net: Name=INU_ADDR
Added Pin To Net: NetName=NetA1_11 Pin=A1-11
Added Pin To Net: NetName=NetA1_11 Pin=XP5-1
Added Net: Name=NetA1_11
Added Pin To Net: NetName=NetA1_12 Pin=A1-12
Added Pin To Net: NetName=NetA1_12 Pin=XP5-2
Added Net: Name=NetA1_12
Added Pin To Net: NetName=NetA1_13 Pin=A1-13
Added Pin To Net: NetName=NetA1_13 Pin=XP6-1
Added Net: Name=NetA1_13
Added Pin To Net: NetName=NetA1_14 Pin=A1-14
Added Pin To Net: NetName=NetA1_14 Pin=XP6-2
Added Net: Name=NetA1_14
Added Pin To Net: NetName=NetA2_11 Pin=A2-11
Added Pin To Net: NetName=NetA2_11 Pin=XP7-1
Added Net: Name=NetA2_11
Added Pin To Net: NetName=NetA2_12 Pin=A2-12
Added Pin To Net: NetName=NetA2_12 Pin=XP7-2
Added Net: Name=NetA2_12
Added Pin To Net: NetName=NetA2_13 Pin=A2-13
Added Pin To Net: NetName=NetA2_13 Pin=XP8-1
Added Net: Name=NetA2_13
Added Pin To Net: NetName=NetA2_14 Pin=A2-14
Added Pin To Net: NetName=NetA2_14 Pin=XP8-2
Added Net: Name=NetA2_14
Added Pin To Net: NetName=NetA7_10 Pin=A7-10
Added Pin To Net: NetName=NetA7_10 Pin=DD1-2
Added Net: Name=NetA7_10
Added Pin To Net: NetName=NetA7_11 Pin=A7-11
Added Pin To Net: NetName=NetA7_11 Pin=DD1-4
Added Net: Name=NetA7_11
Added Pin To Net: NetName=NetA7_12 Pin=A7-12
Added Pin To Net: NetName=NetA7_12 Pin=HL1-1
Added Net: Name=NetA7_12
Added Pin To Net: NetName=NetA7_13 Pin=A7-13
Added Pin To Net: NetName=NetA7_13 Pin=HL2-1
Added Net: Name=NetA7_13
Added Pin To Net: NetName=NetA7_35 Pin=A7-35
Added Pin To Net: NetName=NetA7_35 Pin=R2-1
Added Net: Name=NetA7_35
Added Pin To Net: NetName=NetC1_1 Pin=C1-1
Added Pin To Net: NetName=NetC1_1 Pin=DD1-1
Added Pin To Net: NetName=NetC1_1 Pin=R6-2
Added Net: Name=NetC1_1
Added Pin To Net: NetName=NetC2_1 Pin=C2-1
Added Pin To Net: NetName=NetC2_1 Pin=DD1-3
Added Pin To Net: NetName=NetC2_1 Pin=R8-2
Added Net: Name=NetC2_1
Added Pin To Net: NetName=NetHL1_2 Pin=HL1-2
Added Pin To Net: NetName=NetHL1_2 Pin=R3-1
Added Net: Name=NetHL1_2
Added Pin To Net: NetName=NetHL2_2 Pin=HL2-2
Added Pin To Net: NetName=NetHL2_2 Pin=R4-1
Added Net: Name=NetHL2_2
Added Pin To Net: NetName=NetLS1_2 Pin=LS1-2
Added Pin To Net: NetName=NetLS1_2 Pin=R1-2
Added Net: Name=NetLS1_2
Added Pin To Net: NetName=NetR1_1 Pin=R1-1
Added Net: Name=NetR1_1
Added Pin To Net: NetName=NetR2_2 Pin=R2-2
Added Net: Name=NetR2_2
Added Pin To Net: NetName=NetR5_2 Pin=R5-2
Added Pin To Net: NetName=NetR5_2 Pin=R6-1
Added Net: Name=NetR5_2
Added Pin To Net: NetName=NetR7_2 Pin=R7-2
Added Pin To Net: NetName=NetR7_2 Pin=R8-1
Added Net: Name=NetR7_2
Added Pin To Net: NetName=PA1 Pin=A7-34
Added Pin To Net: NetName=PA1 Pin=XP10-8
Added Net: Name=PA1
Added Pin To Net: NetName=PA2 Pin=A7-33
Added Pin To Net: NetName=PA2 Pin=XP10-7
Added Net: Name=PA2
Added Pin To Net: NetName=PA8 Pin=A7-5
Added Pin To Net: NetName=PA8 Pin=XP11-8
Added Net: Name=PA8
Added Pin To Net: NetName=PA9 Pin=A7-6
Added Pin To Net: NetName=PA9 Pin=XP11-7
Added Net: Name=PA9
Added Pin To Net: NetName=PA10 Pin=A7-7
Added Pin To Net: NetName=PA10 Pin=XP11-6
Added Net: Name=PA10
Added Pin To Net: NetName=PB0 Pin=A7-27
Added Pin To Net: NetName=PB0 Pin=XP10-6
Added Net: Name=PB0
Added Pin To Net: NetName=PB1 Pin=A7-26
Added Pin To Net: NetName=PB1 Pin=XP10-5
Added Net: Name=PB1
Added Pin To Net: NetName=PB10 Pin=A7-24
Added Pin To Net: NetName=PB10 Pin=XP10-4
Added Net: Name=PB10
Added Pin To Net: NetName=PB12 Pin=A7-1
Added Pin To Net: NetName=PB12 Pin=XP11-12
Added Net: Name=PB12
Added Pin To Net: NetName=PB13 Pin=A7-2
Added Pin To Net: NetName=PB13 Pin=XP11-11
Added Net: Name=PB13
Added Pin To Net: NetName=PB14 Pin=A7-3
Added Pin To Net: NetName=PB14 Pin=XP11-10
Added Net: Name=PB14
Added Pin To Net: NetName=PB15 Pin=A7-4
Added Pin To Net: NetName=PB15 Pin=XP11-9
Added Net: Name=PB15
Added Pin To Net: NetName=PC13 Pin=A7-39
Added Pin To Net: NetName=PC13 Pin=XP10-11
Added Net: Name=PC13
Added Pin To Net: NetName=PC14 Pin=A7-38
Added Pin To Net: NetName=PC14 Pin=XP10-10
Added Net: Name=PC14
Added Pin To Net: NetName=PC15 Pin=A7-37
Added Pin To Net: NetName=PC15 Pin=XP10-9
Added Net: Name=PC15
Added Pin To Net: NetName=PWM1_1 Pin=A2-6
Added Pin To Net: NetName=PWM1_1 Pin=A5-30
Added Net: Name=PWM1_1
Added Pin To Net: NetName=PWM1_2 Pin=A1-6
Added Pin To Net: NetName=PWM1_2 Pin=A6-30
Added Net: Name=PWM1_2
Added Pin To Net: NetName=PWM2_1 Pin=A2-7
Added Pin To Net: NetName=PWM2_1 Pin=A5-29
Added Net: Name=PWM2_1
Added Pin To Net: NetName=PWM2_2 Pin=A1-7
Added Pin To Net: NetName=PWM2_2 Pin=A6-29
Added Net: Name=PWM2_2
Added Pin To Net: NetName=PWR GND Pin=A1-21
Added Pin To Net: NetName=PWR GND Pin=A2-21
Added Pin To Net: NetName=PWR GND Pin=A3-2
Added Pin To Net: NetName=PWR GND Pin=XP9-2
Added Net: Name=PWR GND
Added Pin To Net: NetName=SPI2_MISO Pin=A5-3
Added Pin To Net: NetName=SPI2_MISO Pin=A6-3
Added Pin To Net: NetName=SPI2_MISO Pin=A7-29
Added Net: Name=SPI2_MISO
Added Pin To Net: NetName=SPI2_MOSI Pin=A5-4
Added Pin To Net: NetName=SPI2_MOSI Pin=A6-4
Added Pin To Net: NetName=SPI2_MOSI Pin=A7-28
Added Net: Name=SPI2_MOSI
Added Pin To Net: NetName=SPI2_NSS_1 Pin=A5-1
Added Pin To Net: NetName=SPI2_NSS_1 Pin=A7-32
Added Net: Name=SPI2_NSS_1
Added Pin To Net: NetName=SPI2_NSS_2 Pin=A6-1
Added Pin To Net: NetName=SPI2_NSS_2 Pin=A7-31
Added Net: Name=SPI2_NSS_2
Added Pin To Net: NetName=SPI2_SCK Pin=A5-2
Added Pin To Net: NetName=SPI2_SCK Pin=A6-2
Added Pin To Net: NetName=SPI2_SCK Pin=A7-30
Added Net: Name=SPI2_SCK
Added Class: Name=Sheet2
Added Member To Class: ClassName=Sheet1 Member=Component A1 Monster Moto Shield
Added Member To Class: ClassName=Sheet1 Member=Component A2 Monster Moto Shield
Added Member To Class: ClassName=Sheet1 Member=Component A3 DC-DC Board
Added Member To Class: ClassName=Sheet1 Member=Component A5 Bluepill-stm32f103c8t6
Added Member To Class: ClassName=Sheet1 Member=Component A6 Bluepill-stm32f103c8t6
Added Member To Class: ClassName=Sheet1 Member=Component XP1 JST4
Added Member To Class: ClassName=Sheet1 Member=Component XP2 JST4
Added Member To Class: ClassName=Sheet1 Member=Component XP3 JST4
Added Member To Class: ClassName=Sheet1 Member=Component XP4 JST4
Added Member To Class: ClassName=Sheet1 Member=Component XP5 B2P-VH
Added Member To Class: ClassName=Sheet1 Member=Component XP6 B2P-VH
Added Member To Class: ClassName=Sheet1 Member=Component XP7 B2P-VH
Added Member To Class: ClassName=Sheet1 Member=Component XP8 B2P-VH
Added Member To Class: ClassName=Sheet1 Member=Component XP9 XT60
