Added Component: Designator=A1(Monster Moto Shield)
Added Component: Designator=A2(Monster Moto Shield)
Added Component: Designator=A3(DC-DC Board)
Added Component: Designator=A4(GY-BNO055 board)
Added Component: Designator=A5(BluePill)
Added Component: Designator=A6(BluePill)
Added Component: Designator=A7(BluePill)
Added Component: Designator=C1(C0603C)
Add component (AddParameter): Name = "Units"; Value = "п‘"; VariantName = "[No Variations]"
Add component (AddParameter): Name = "Value"; Value = "10"; VariantName = "[No Variations]"
Added Component: Designator=C2(C0603C)
Add component (AddParameter): Name = "Units"; Value = "п‘"; VariantName = "[No Variations]"
Add component (AddParameter): Name = "Value"; Value = "10"; VariantName = "[No Variations]"
Added Component: Designator=C3(C0603C)
Add component (AddParameter): Name = "Units"; Value = "п‘"; VariantName = "[No Variations]"
Add component (AddParameter): Name = "Value"; Value = "10"; VariantName = "[No Variations]"
Added Component: Designator=C4(C0603C)
Add component (AddParameter): Name = "Units"; Value = "п‘"; VariantName = "[No Variations]"
Add component (AddParameter): Name = "Value"; Value = "10"; VariantName = "[No Variations]"
Added Component: Designator=C5(C0603C)
Added Component: Designator=C6(C0603C)
Added Component: Designator=DA1(SOT236)
Added Component: Designator=DA2(SOT236)
Added Component: Designator=DA3(SOT236)
Added Component: Designator=DA4(SOT236)
Added Component: Designator=DA5(VSSOP-8)
Added Component: Designator=DD1(SO-14)
Added Component: Designator=F1(BLX-A)
Added Component: Designator=HL1(ledrad3mm)
Added Component: Designator=HL2(ledrad3mm)
Added Component: Designator=LS1(Buzzer 12mm)
Added Component: Designator=R1(R0603)
Added Component: Designator=R2(R0603)
Added Component: Designator=R3(R0603)
Added Component: Designator=R4(R0603)
Added Component: Designator=R5(R0603)
Added Component: Designator=R6(R0603)
Added Component: Designator=R7(R0603)
Added Component: Designator=R8(R0603)
Added Component: Designator=R9(R0603)
Added Component: Designator=R10(R0603)
Added Component: Designator=R11(R0603)
Added Component: Designator=R12(R0603)
Added Component: Designator=R13(R0603)
Added Component: Designator=R14(R0603)
Added Component: Designator=R15(R0603)
Added Component: Designator=R16(R0603)
Added Component: Designator=R17(R0603)
Added Component: Designator=R18(R0603)
Added Component: Designator=SB1(Button)
Add component (AddParameter): Name = "Part number"; Value = "KLS7-TS6601-13.0-180"; VariantName = "[No Variations]"
Added Component: Designator=SB2(Button)
Add component (AddParameter): Name = "Part number"; Value = "KLS7-TS6601-13.0-180"; VariantName = "[No Variations]"
Added Component: Designator=VD1(SMB)
Added Component: Designator=VT1(SOT23-3-BEC)
Added Component: Designator=XP1(JST 4pin)
Added Component: Designator=XP2(JST 4pin)
Added Component: Designator=XP3(JST 4pin)
Added Component: Designator=XP4(JST 4pin)
Added Component: Designator=XP5(B2P-VH)
Added Component: Designator=XP6(B2P-VH)
Added Component: Designator=XP7(B2P-VH)
Added Component: Designator=XP8(B2P-VH)
Added Component: Designator=XP9(PLS-4)
Added Component: Designator=XP10(PLS-3)
Added Component: Designator=XP11(PLS-3)
Added Component: Designator=XP12(PLS-3)
Added Component: Designator=XP13(PLS-3)
Added Component: Designator=XP14(PLS-4)
Added Component: Designator=XP15(PLS-12)
Added Component: Designator=XP16(XT60UPB-M)
Added Component: Designator=XP17(PLS-11)
Added Pin To Net: NetName=EN1_2 Pin=A1-1
Added Pin To Net: NetName=EN2_2 Pin=A1-2
Added Pin To Net: NetName=CS1_2 Pin=A1-3
Added Pin To Net: NetName=CS2_2 Pin=A1-4
Added Pin To Net: NetName=INA2_2 Pin=A1-5
Added Pin To Net: NetName=PWM1_2 Pin=A1-6
Added Pin To Net: NetName=PWM2_2 Pin=A1-7
Added Pin To Net: NetName=INA1_2 Pin=A1-8
Added Pin To Net: NetName=INB1_2 Pin=A1-9
Added Pin To Net: NetName=INB2_2 Pin=A1-10
Added Pin To Net: NetName=NetA1_11 Pin=A1-11
Added Pin To Net: NetName=NetA1_12 Pin=A1-12
Added Pin To Net: NetName=NetA1_13 Pin=A1-13
Added Pin To Net: NetName=NetA1_14 Pin=A1-14
Added Pin To Net: NetName=GND Pin=A1-16
Added Pin To Net: NetName=GND Pin=A1-17
Added Pin To Net: NetName=GND Pin=A1-18
Added Pin To Net: NetName=5V Pin=A1-19
Added Pin To Net: NetName=12V Pin=A1-20
Added Pin To Net: NetName=PWR GND Pin=A1-21
Added Pin To Net: NetName=EN1_1 Pin=A2-1
Added Pin To Net: NetName=EN2_1 Pin=A2-2
Added Pin To Net: NetName=CS1_1 Pin=A2-3
Added Pin To Net: NetName=CS2_2 Pin=A2-4
Added Pin To Net: NetName=INA2_1 Pin=A2-5
Added Pin To Net: NetName=PWM1_1 Pin=A2-6
Added Pin To Net: NetName=PWM2_1 Pin=A2-7
Added Pin To Net: NetName=INA1_1 Pin=A2-8
Added Pin To Net: NetName=INB1_1 Pin=A2-9
Added Pin To Net: NetName=INB2_1 Pin=A2-10
Added Pin To Net: NetName=NetA2_11 Pin=A2-11
Added Pin To Net: NetName=NetA2_12 Pin=A2-12
Added Pin To Net: NetName=NetA2_13 Pin=A2-13
Added Pin To Net: NetName=NetA2_14 Pin=A2-14
Added Pin To Net: NetName=GND Pin=A2-16
Added Pin To Net: NetName=GND Pin=A2-17
Added Pin To Net: NetName=GND Pin=A2-18
Added Pin To Net: NetName=5V Pin=A2-19
Added Pin To Net: NetName=12V Pin=A2-20
Added Pin To Net: NetName=PWR GND Pin=A2-21
Added Pin To Net: NetName=12V Pin=A3-1
Added Pin To Net: NetName=PWR GND Pin=A3-2
Added Pin To Net: NetName=5V Pin=A3-3
Added Pin To Net: NetName=GND Pin=A3-4
Added Pin To Net: NetName=IMU_INT Pin=A4-3
Added Pin To Net: NetName=INU_ADDR Pin=A4-4
Added Pin To Net: NetName=I2C_SDA Pin=A4-5
Added Pin To Net: NetName=I2C_SCL Pin=A4-6
Added Pin To Net: NetName=GND Pin=A4-7
Added Pin To Net: NetName=3V3 Pin=A4-8
Added Pin To Net: NetName=SPI2_NSS_1 Pin=A5-1
Added Pin To Net: NetName=SPI2_SCK Pin=A5-2
Added Pin To Net: NetName=SPI2_MISO Pin=A5-3
Added Pin To Net: NetName=SPI2_MOSI Pin=A5-4
Added Pin To Net: NetName=ENC1_CH1_1 Pin=A5-5
Added Pin To Net: NetName=ENC1_CH2_1 Pin=A5-6
Added Pin To Net: NetName=EN1_1 Pin=A5-10
Added Pin To Net: NetName=INA2_1 Pin=A5-11
Added Pin To Net: NetName=INB2_1 Pin=A5-12
Added Pin To Net: NetName=EN2_1 Pin=A5-13
Added Pin To Net: NetName=INA1_1 Pin=A5-14
Added Pin To Net: NetName=INB1_1 Pin=A5-15
Added Pin To Net: NetName=5V Pin=A5-18
Added Pin To Net: NetName=GND Pin=A5-19
Added Pin To Net: NetName=GND Pin=A5-21
Added Pin To Net: NetName=GND Pin=A5-22
Added Pin To Net: NetName=PWM2_1 Pin=A5-29
Added Pin To Net: NetName=PWM1_1 Pin=A5-30
Added Pin To Net: NetName=CS2_1 Pin=A5-33
Added Pin To Net: NetName=CS1_1 Pin=A5-34
Added Pin To Net: NetName=ENC2_CH1_1 Pin=A5-35
Added Pin To Net: NetName=ENC2_CH2_1 Pin=A5-36
Added Pin To Net: NetName=NetA5_41 Pin=A5-41
Added Pin To Net: NetName=NetA5_41 Pin=A5-42
Added Pin To Net: NetName=NetA5_41 Pin=A5-43
Added Pin To Net: NetName=GND Pin=A5-44
Added Pin To Net: NetName=SPI2_NSS_2 Pin=A6-1
Added Pin To Net: NetName=SPI2_SCK Pin=A6-2
Added Pin To Net: NetName=SPI2_MISO Pin=A6-3
Added Pin To Net: NetName=SPI2_MOSI Pin=A6-4
Added Pin To Net: NetName=ENC1_CH1_2 Pin=A6-5
Added Pin To Net: NetName=ENC1_CH2_2 Pin=A6-6
Added Pin To Net: NetName=EN1_2 Pin=A6-10
Added Pin To Net: NetName=INA2_2 Pin=A6-11
Added Pin To Net: NetName=INB2_2 Pin=A6-12
Added Pin To Net: NetName=EN2_2 Pin=A6-13
Added Pin To Net: NetName=INA1_2 Pin=A6-14
Added Pin To Net: NetName=INB1_2 Pin=A6-15
Added Pin To Net: NetName=5V Pin=A6-18
Added Pin To Net: NetName=GND Pin=A6-19
Added Pin To Net: NetName=GND Pin=A6-21
Added Pin To Net: NetName=GND Pin=A6-22
Added Pin To Net: NetName=PWM2_2 Pin=A6-29
Added Pin To Net: NetName=PWM1_2 Pin=A6-30
Added Pin To Net: NetName=CS2_2 Pin=A6-33
Added Pin To Net: NetName=CS1_2 Pin=A6-34
Added Pin To Net: NetName=ENC2_CH1_2 Pin=A6-35
Added Pin To Net: NetName=ENC2_CH2_2 Pin=A6-36
Added Pin To Net: NetName=NetA6_41 Pin=A6-41
Added Pin To Net: NetName=NetA6_42 Pin=A6-42
Added Pin To Net: NetName=NetA6_43 Pin=A6-43
Added Pin To Net: NetName=GND Pin=A6-44
Added Pin To Net: NetName=PB12 Pin=A7-1
Added Pin To Net: NetName=PB13 Pin=A7-2
Added Pin To Net: NetName=PB14 Pin=A7-3
Added Pin To Net: NetName=PB15 Pin=A7-4
Added Pin To Net: NetName=PA8 Pin=A7-5
Added Pin To Net: NetName=PA9 Pin=A7-6
Added Pin To Net: NetName=PA10 Pin=A7-7
Added Pin To Net: NetName=NetA7_10 Pin=A7-10
Added Pin To Net: NetName=NetA7_11 Pin=A7-11
Added Pin To Net: NetName=NetA7_12 Pin=A7-12
Added Pin To Net: NetName=NetA7_13 Pin=A7-13
Added Pin To Net: NetName=I2C_SCL Pin=A7-14
Added Pin To Net: NetName=I2C_SDA Pin=A7-15
Added Pin To Net: NetName=INU_ADDR Pin=A7-16
Added Pin To Net: NetName=IMU_INT Pin=A7-17
Added Pin To Net: NetName=5V Pin=A7-18
Added Pin To Net: NetName=GND Pin=A7-19
Added Pin To Net: NetName=3V3 Pin=A7-20
Added Pin To Net: NetName=5V Pin=A7-21
Added Pin To Net: NetName=GND Pin=A7-22
Added Pin To Net: NetName=3V3 Pin=A7-23
Added Pin To Net: NetName=PB10 Pin=A7-24
Added Pin To Net: NetName=PB1 Pin=A7-26
Added Pin To Net: NetName=PB0 Pin=A7-27
Added Pin To Net: NetName=SPI2_MOSI Pin=A7-28
Added Pin To Net: NetName=SPI2_MISO Pin=A7-29
Added Pin To Net: NetName=SPI2_SCK Pin=A7-30
Added Pin To Net: NetName=SPI2_NSS_2 Pin=A7-31
Added Pin To Net: NetName=SPI2_NSS_1 Pin=A7-32
Added Pin To Net: NetName=PA2 Pin=A7-33
Added Pin To Net: NetName=PA1 Pin=A7-34
Added Pin To Net: NetName=NetA7_35 Pin=A7-35
Added Pin To Net: NetName=PC15 Pin=A7-37
Added Pin To Net: NetName=PC14 Pin=A7-38
Added Pin To Net: NetName=PC13 Pin=A7-39
Added Pin To Net: NetName=NetC1_1 Pin=C1-1
Added Pin To Net: NetName=GND Pin=C1-2
Added Pin To Net: NetName=NetC2_1 Pin=C2-1
Added Pin To Net: NetName=GND Pin=C2-2
Added Pin To Net: NetName=GND Pin=C3-2
Added Pin To Net: NetName=GND Pin=C4-2
Added Pin To Net: NetName=GND Pin=C5-2
Added Pin To Net: NetName=GND Pin=C6-2
Added Pin To Net: NetName=1V65 Pin=DA1-1
Added Pin To Net: NetName=GND Pin=DA1-2
Added Pin To Net: NetName=3V3 Pin=DA1-3
Added Pin To Net: NetName=NetA1_11 Pin=DA1-4
Added Pin To Net: NetName=NetDA1_5 Pin=DA1-5
Added Pin To Net: NetName=NetDA1_6 Pin=DA1-6
Added Pin To Net: NetName=1V65 Pin=DA2-1
Added Pin To Net: NetName=GND Pin=DA2-2
Added Pin To Net: NetName=3V3 Pin=DA2-3
Added Pin To Net: NetName=NetA2_11 Pin=DA2-4
Added Pin To Net: NetName=NetDA2_5 Pin=DA2-5
Added Pin To Net: NetName=NetDA2_6 Pin=DA2-6
Added Pin To Net: NetName=1V65 Pin=DA3-1
Added Pin To Net: NetName=GND Pin=DA3-2
Added Pin To Net: NetName=3V3 Pin=DA3-3
Added Pin To Net: NetName=NetA1_13 Pin=DA3-4
Added Pin To Net: NetName=1V65 Pin=DA4-1
Added Pin To Net: NetName=GND Pin=DA4-2
Added Pin To Net: NetName=3V3 Pin=DA4-3
Added Pin To Net: NetName=NetA2_13 Pin=DA4-4
Added Pin To Net: NetName=NetDA4_5 Pin=DA4-5
Added Pin To Net: NetName=NetDA4_6 Pin=DA4-6
Added Pin To Net: NetName=1V65 Pin=DA5-1
Added Pin To Net: NetName=1V65 Pin=DA5-2
Added Pin To Net: NetName=GND Pin=DA5-4
Added Pin To Net: NetName=1V65 Pin=DA5-6
Added Pin To Net: NetName=1V65 Pin=DA5-7
Added Pin To Net: NetName=3V3 Pin=DA5-8
Added Pin To Net: NetName=NetA7_10 Pin=DD1-2
Added Pin To Net: NetName=NetA7_11 Pin=DD1-4
Added Pin To Net: NetName=NetC1_1 Pin=DD1-5
Added Pin To Net: NetName=GND Pin=DD1-7
Added Pin To Net: NetName=NetC2_1 Pin=DD1-9
Added Pin To Net: NetName=3V3 Pin=DD1-14
Added Pin To Net: NetName=12V Pin=F1-1
Added Pin To Net: NetName=NetA7_12 Pin=HL1-1
Added Pin To Net: NetName=NetHL1_2 Pin=HL1-2
Added Pin To Net: NetName=NetA7_13 Pin=HL2-1
Added Pin To Net: NetName=NetHL2_2 Pin=HL2-2
Added Pin To Net: NetName=5V Pin=LS1-1
Added Pin To Net: NetName=NetLS1_2 Pin=LS1-2
Added Pin To Net: NetName=NetDA1_5 Pin=R1-1
Added Pin To Net: NetName=NetA1_11 Pin=R1-2
Added Pin To Net: NetName=NetDA2_5 Pin=R2-1
Added Pin To Net: NetName=NetA2_11 Pin=R2-2
Added Pin To Net: NetName=NetA1_13 Pin=R3-2
Added Pin To Net: NetName=NetDA4_5 Pin=R4-1
Added Pin To Net: NetName=NetA2_13 Pin=R4-2
Added Pin To Net: NetName=3V3 Pin=R5-2
Added Pin To Net: NetName=GND Pin=R6-1
Added Pin To Net: NetName=NetHL1_2 Pin=R7-1
Added Pin To Net: NetName=GND Pin=R7-2
Added Pin To Net: NetName=NetHL2_2 Pin=R8-1
Added Pin To Net: NetName=GND Pin=R8-2
Added Pin To Net: NetName=3V3 Pin=R9-1
Added Pin To Net: NetName=ENC1_CH1_1 Pin=R10-1
Added Pin To Net: NetName=NetC1_1 Pin=R10-2
Added Pin To Net: NetName=ENC2_CH1_1 Pin=R11-1
Added Pin To Net: NetName=NetC2_1 Pin=R11-2
Added Pin To Net: NetName=ENC1_CH1_2 Pin=R12-1
Added Pin To Net: NetName=ENC2_CH1_2 Pin=R13-1
Added Pin To Net: NetName=3V3 Pin=R15-1
Added Pin To Net: NetName=NetA7_35 Pin=R17-1
Added Pin To Net: NetName=NetLS1_2 Pin=R18-2
Added Pin To Net: NetName=GND Pin=SB1-1
Added Pin To Net: NetName=GND Pin=SB1-1
Added Pin To Net: NetName=GND Pin=SB2-1
Added Pin To Net: NetName=GND Pin=SB2-1
Added Pin To Net: NetName=PWR GND Pin=VD1-1
Added Pin To Net: NetName=12V Pin=VD1-2
Added Pin To Net: NetName=GND Pin=VT1-E
Added Pin To Net: NetName=3V3 Pin=XP1-1
Added Pin To Net: NetName=ENC1_CH1_1 Pin=XP1-2
Added Pin To Net: NetName=ENC1_CH2_1 Pin=XP1-3
Added Pin To Net: NetName=GND Pin=XP1-4
Added Pin To Net: NetName=3V3 Pin=XP2-1
Added Pin To Net: NetName=ENC2_CH1_1 Pin=XP2-2
Added Pin To Net: NetName=ENC2_CH2_1 Pin=XP2-3
Added Pin To Net: NetName=GND Pin=XP2-4
Added Pin To Net: NetName=3V3 Pin=XP3-1
Added Pin To Net: NetName=ENC1_CH1_2 Pin=XP3-2
Added Pin To Net: NetName=ENC1_CH2_2 Pin=XP3-3
Added Pin To Net: NetName=GND Pin=XP3-4
Added Pin To Net: NetName=3V3 Pin=XP4-1
Added Pin To Net: NetName=ENC2_CH1_2 Pin=XP4-2
Added Pin To Net: NetName=ENC2_CH2_2 Pin=XP4-3
Added Pin To Net: NetName=GND Pin=XP4-4
Added Pin To Net: NetName=NetDA2_5 Pin=XP5-1
Added Pin To Net: NetName=NetA2_12 Pin=XP5-2
Added Pin To Net: NetName=NetDA1_5 Pin=XP6-1
Added Pin To Net: NetName=NetA1_12 Pin=XP6-2
Added Pin To Net: NetName=NetA1_14 Pin=XP7-2
Added Pin To Net: NetName=NetDA4_5 Pin=XP8-1
Added Pin To Net: NetName=NetA2_14 Pin=XP8-2
Added Pin To Net: NetName=NetA5_41 Pin=XP9-1
Added Pin To Net: NetName=NetA5_41 Pin=XP9-2
Added Pin To Net: NetName=NetA5_41 Pin=XP9-3
Added Pin To Net: NetName=GND Pin=XP9-4
Added Pin To Net: NetName=NetDA1_6 Pin=XP10-1
Added Pin To Net: NetName=CS1_2 Pin=XP10-2
Added Pin To Net: NetName=CS1_2 Pin=XP10-3
Added Pin To Net: NetName=CS2_2 Pin=XP11-2
Added Pin To Net: NetName=CS2_2 Pin=XP11-3
Added Pin To Net: NetName=NetDA2_6 Pin=XP12-1
Added Pin To Net: NetName=CS1_1 Pin=XP12-2
Added Pin To Net: NetName=CS1_1 Pin=XP12-3
Added Pin To Net: NetName=NetDA4_6 Pin=XP13-1
Added Pin To Net: NetName=CS2_1 Pin=XP13-2
Added Pin To Net: NetName=CS2_1 Pin=XP13-3
Added Pin To Net: NetName=NetA6_41 Pin=XP14-1
Added Pin To Net: NetName=NetA6_42 Pin=XP14-2
Added Pin To Net: NetName=NetA6_43 Pin=XP14-3
Added Pin To Net: NetName=GND Pin=XP14-4
Added Pin To Net: NetName=3V3 Pin=XP15-1
Added Pin To Net: NetName=GND Pin=XP15-2
Added Pin To Net: NetName=5V Pin=XP15-3
Added Pin To Net: NetName=I2C_SDA Pin=XP15-4
Added Pin To Net: NetName=I2C_SCL Pin=XP15-5
Added Pin To Net: NetName=PA10 Pin=XP15-6
Added Pin To Net: NetName=PA9 Pin=XP15-7
Added Pin To Net: NetName=PA8 Pin=XP15-8
Added Pin To Net: NetName=PB15 Pin=XP15-9
Added Pin To Net: NetName=PB14 Pin=XP15-10
Added Pin To Net: NetName=PB13 Pin=XP15-11
Added Pin To Net: NetName=PB12 Pin=XP15-12
Added Pin To Net: NetName=PWR GND Pin=XP16-2
Added Pin To Net: NetName=5V Pin=XP17-1
Added Pin To Net: NetName=GND Pin=XP17-2
Added Pin To Net: NetName=3V3 Pin=XP17-3
Added Pin To Net: NetName=PB10 Pin=XP17-4
Added Pin To Net: NetName=PB1 Pin=XP17-5
Added Pin To Net: NetName=PB0 Pin=XP17-6
Added Pin To Net: NetName=PA2 Pin=XP17-7
Added Pin To Net: NetName=PA1 Pin=XP17-8
Added Pin To Net: NetName=PC15 Pin=XP17-9
Added Pin To Net: NetName=PC14 Pin=XP17-10
Added Pin To Net: NetName=PC13 Pin=XP17-11
Added Pin To Net: NetName=ENC1_CH1F_1 Pin=A5-16
Added Pin To Net: NetName=ENC1_CH1F_1 Pin=DD1-6
Added Net: Name=ENC1_CH1F_1
Added Pin To Net: NetName=ENC1_CH1F_2 Pin=A6-16
Added Pin To Net: NetName=ENC1_CH1F_2 Pin=DD1-10
Added Net: Name=ENC1_CH1F_2
Added Pin To Net: NetName=ENC2_CH1F_1 Pin=A5-17
Added Pin To Net: NetName=ENC2_CH1F_1 Pin=DD1-8
Added Net: Name=ENC2_CH1F_1
Added Pin To Net: NetName=ENC2_CH1F_2 Pin=A6-17
Added Pin To Net: NetName=ENC2_CH1F_2 Pin=DD1-12
Added Net: Name=ENC2_CH1F_2
Added Pin To Net: NetName=NetC3_1 Pin=C3-1
Added Pin To Net: NetName=NetC3_1 Pin=DD1-11
Added Pin To Net: NetName=NetC3_1 Pin=R12-2
Added Net: Name=NetC3_1
Added Pin To Net: NetName=NetC4_1 Pin=C4-1
Added Pin To Net: NetName=NetC4_1 Pin=DD1-13
Added Pin To Net: NetName=NetC4_1 Pin=R13-2
Added Net: Name=NetC4_1
Added Pin To Net: NetName=NetC5_1 Pin=C5-1
Added Pin To Net: NetName=NetC5_1 Pin=DD1-3
Added Pin To Net: NetName=NetC5_1 Pin=R14-2
Added Net: Name=NetC5_1
Added Pin To Net: NetName=NetC6_1 Pin=C6-1
Added Pin To Net: NetName=NetC6_1 Pin=DD1-1
Added Pin To Net: NetName=NetC6_1 Pin=R16-2
Added Net: Name=NetC6_1
Added Pin To Net: NetName=NetDA3_5 Pin=DA3-5
Added Pin To Net: NetName=NetDA3_5 Pin=R3-1
Added Pin To Net: NetName=NetDA3_5 Pin=XP7-1
Added Net: Name=NetDA3_5
Added Pin To Net: NetName=NetDA3_6 Pin=DA3-6
Added Pin To Net: NetName=NetDA3_6 Pin=XP11-1
Added Net: Name=NetDA3_6
Added Pin To Net: NetName=NetDA5_3 Pin=DA5-3
Added Pin To Net: NetName=NetDA5_3 Pin=DA5-5
Added Pin To Net: NetName=NetDA5_3 Pin=R5-1
Added Pin To Net: NetName=NetDA5_3 Pin=R6-2
Added Net: Name=NetDA5_3
Added Pin To Net: NetName=NetF1_2 Pin=F1-2
Added Pin To Net: NetName=NetF1_2 Pin=XP16-1
Added Net: Name=NetF1_2
Added Pin To Net: NetName=NetR9_2 Pin=R9-2
Added Pin To Net: NetName=NetR9_2 Pin=R14-1
Added Pin To Net: NetName=NetR9_2 Pin=SB1-2
Added Pin To Net: NetName=NetR9_2 Pin=SB1-2
Added Net: Name=NetR9_2
Added Pin To Net: NetName=NetR15_2 Pin=R15-2
Added Pin To Net: NetName=NetR15_2 Pin=R16-1
Added Pin To Net: NetName=NetR15_2 Pin=SB2-2
Added Pin To Net: NetName=NetR15_2 Pin=SB2-2
Added Net: Name=NetR15_2
Added Pin To Net: NetName=NetR17_2 Pin=R17-2
Added Pin To Net: NetName=NetR17_2 Pin=VT1-B
Added Net: Name=NetR17_2
Added Pin To Net: NetName=NetR18_1 Pin=R18-1
Added Pin To Net: NetName=NetR18_1 Pin=VT1-C
Added Net: Name=NetR18_1
Added Member To Class: ClassName=Sheet1 Member=Component A1 Monster Moto Shield
Added Member To Class: ClassName=Sheet1 Member=Component A2 Monster Moto Shield
Added Member To Class: ClassName=Sheet1 Member=Component A3 DC-DC Board
Added Member To Class: ClassName=Sheet2 Member=Component A4 GY-BNO055
Added Member To Class: ClassName=Sheet1 Member=Component A5 Bluepill-stm32f103c8t6
Added Member To Class: ClassName=Sheet1 Member=Component A6 Bluepill-stm32f103c8t6
Added Member To Class: ClassName=Sheet2 Member=Component A7 Blackpill-stm32f401ccu6
Added Member To Class: ClassName=Sheet2 Member=Component C1 10п‘
Added Member To Class: ClassName=Sheet2 Member=Component C2 10п‘
Added Member To Class: ClassName=Sheet2 Member=Component C3 10п‘
Added Member To Class: ClassName=Sheet2 Member=Component C4 10п‘
Added Member To Class: ClassName=Sheet2 Member=Component C5 =Value
Added Member To Class: ClassName=Sheet2 Member=Component C6 =Value
Added Member To Class: ClassName=Sheet1 Member=Component DA1 INA181A1IDBVR
Added Member To Class: ClassName=Sheet1 Member=Component DA2 INA181A1IDBVR
Added Member To Class: ClassName=Sheet1 Member=Component DA3 INA181A1IDBVR
Added Member To Class: ClassName=Sheet1 Member=Component DA4 INA181A1IDBVR
Added Member To Class: ClassName=Sheet1 Member=Component DA5 LM358DGKR
Added Member To Class: ClassName=Sheet2 Member=Component DD1 74HC14
Added Member To Class: ClassName=Sheet2 Member=Component F1 ва
Added Member To Class: ClassName=Sheet2 Member=Component HL1 ќбозначение при заказе
Added Member To Class: ClassName=Sheet2 Member=Component HL2 ќбозначение при заказе
Added Member To Class: ClassName=Sheet2 Member=Component LS1 ќбозначение при заказе
Added Member To Class: ClassName=Sheet1 Member=Component R1 ва
Added Member To Class: ClassName=Sheet1 Member=Component R2 ва
Added Member To Class: ClassName=Sheet1 Member=Component R3 ва
Added Member To Class: ClassName=Sheet1 Member=Component R4 ва
Added Member To Class: ClassName=Sheet1 Member=Component R5 ва
Added Member To Class: ClassName=Sheet1 Member=Component R6 ва
Added Member To Class: ClassName=Sheet2 Member=Component R7 ва
Added Member To Class: ClassName=Sheet2 Member=Component R8 ва
Added Member To Class: ClassName=Sheet2 Member=Component R9 ва
Added Member To Class: ClassName=Sheet2 Member=Component R10 ва
Added Member To Class: ClassName=Sheet2 Member=Component R11 ва
Added Member To Class: ClassName=Sheet2 Member=Component R12 ва
Added Member To Class: ClassName=Sheet2 Member=Component R13 ва
Added Member To Class: ClassName=Sheet2 Member=Component R14 ва
Added Member To Class: ClassName=Sheet2 Member=Component R15 ва
Added Member To Class: ClassName=Sheet2 Member=Component R16 ва
Added Member To Class: ClassName=Sheet2 Member=Component R17 ва
Added Member To Class: ClassName=Sheet2 Member=Component R18 ва
Added Member To Class: ClassName=Sheet2 Member=Component SB1 KLS7-TS6601-13.0-180
Added Member To Class: ClassName=Sheet2 Member=Component SB2 KLS7-TS6601-13.0-180
Added Member To Class: ClassName=Sheet2 Member=Component VD1 ƒиод защитный
Added Member To Class: ClassName=Sheet2 Member=Component VT1
Added Member To Class: ClassName=Sheet1 Member=Component XP1 JST4
Added Member To Class: ClassName=Sheet1 Member=Component XP2 JST4
Added Member To Class: ClassName=Sheet1 Member=Component XP3 JST4
Added Member To Class: ClassName=Sheet1 Member=Component XP4 JST4
Added Member To Class: ClassName=Sheet1 Member=Component XP5 B2P-VH
Added Member To Class: ClassName=Sheet1 Member=Component XP6 B2P-VH
Added Member To Class: ClassName=Sheet1 Member=Component XP7 B2P-VH
Added Member To Class: ClassName=Sheet1 Member=Component XP8 B2P-VH
Added Member To Class: ClassName=Sheet1 Member=Component XP9
Added Member To Class: ClassName=Sheet1 Member=Component XP10
Added Member To Class: ClassName=Sheet1 Member=Component XP11
Added Member To Class: ClassName=Sheet1 Member=Component XP12
Added Member To Class: ClassName=Sheet1 Member=Component XP13
Added Member To Class: ClassName=Sheet1 Member=Component XP14
Added Member To Class: ClassName=Sheet2 Member=Component XP15
Added Member To Class: ClassName=Sheet2 Member=Component XP16 XT60
Added Member To Class: ClassName=Sheet2 Member=Component XP17
