Added Component: Designator=A7(BluePill)
Added Component: Designator=XP10(PLS-11)
Added Component: Designator=XP11(PLS-12)
Added Pin To Net: NetName=PB12 Pin=A7-1
Added Pin To Net: NetName=PB13 Pin=A7-2
Added Pin To Net: NetName=PB14 Pin=A7-3
Added Pin To Net: NetName=PB15 Pin=A7-4
Added Pin To Net: NetName=PA8 Pin=A7-5
Added Pin To Net: NetName=PA9 Pin=A7-6
Added Pin To Net: NetName=PA10 Pin=A7-7
Added Pin To Net: NetName=NetA7_10 Pin=A7-10
Added Pin To Net: NetName=NetA7_11 Pin=A7-11
Added Pin To Net: NetName=NetA7_12 Pin=A7-12
Added Pin To Net: NetName=NetA7_13 Pin=A7-13
Added Pin To Net: NetName=I2C_SCL Pin=A7-14
Added Pin To Net: NetName=I2C_SDA Pin=A7-15
Added Pin To Net: NetName=INU_ADDR Pin=A7-16
Added Pin To Net: NetName=IMU_INT Pin=A7-17
Added Pin To Net: NetName=5V Pin=A7-18
Added Pin To Net: NetName=GND Pin=A7-19
Added Pin To Net: NetName=3V3 Pin=A7-20
Added Pin To Net: NetName=GND Pin=A7-22
Added Pin To Net: NetName=PB10 Pin=A7-24
Added Pin To Net: NetName=PB1 Pin=A7-26
Added Pin To Net: NetName=PB0 Pin=A7-27
Added Pin To Net: NetName=SPI2_MOSI Pin=A7-28
Added Pin To Net: NetName=SPI2_MISO Pin=A7-29
Added Pin To Net: NetName=SPI2_SCK Pin=A7-30
Added Pin To Net: NetName=SPI2_NSS_2 Pin=A7-31
Added Pin To Net: NetName=SPI2_NSS_1 Pin=A7-32
Added Pin To Net: NetName=PA2 Pin=A7-33
Added Pin To Net: NetName=PA1 Pin=A7-34
Added Pin To Net: NetName=NetA7_35 Pin=A7-35
Added Pin To Net: NetName=PC15 Pin=A7-37
Added Pin To Net: NetName=PC14 Pin=A7-38
Added Pin To Net: NetName=PC13 Pin=A7-39
Added Pin To Net: NetName=5V Pin=XP10-1
Added Pin To Net: NetName=GND Pin=XP10-2
Added Pin To Net: NetName=3V3 Pin=XP10-3
Added Pin To Net: NetName=PB10 Pin=XP10-4
Added Pin To Net: NetName=PB1 Pin=XP10-5
Added Pin To Net: NetName=PB0 Pin=XP10-6
Added Pin To Net: NetName=PA2 Pin=XP10-7
Added Pin To Net: NetName=PA1 Pin=XP10-8
Added Pin To Net: NetName=PC15 Pin=XP10-9
Added Pin To Net: NetName=PC14 Pin=XP10-10
Added Pin To Net: NetName=PC13 Pin=XP10-11
Added Pin To Net: NetName=3V3 Pin=XP11-1
Added Pin To Net: NetName=GND Pin=XP11-2
Added Pin To Net: NetName=5V Pin=XP11-3
Added Pin To Net: NetName=I2C_SDA Pin=XP11-4
Added Pin To Net: NetName=I2C_SCL Pin=XP11-5
Added Pin To Net: NetName=PA10 Pin=XP11-6
Added Pin To Net: NetName=PA9 Pin=XP11-7
Added Pin To Net: NetName=PA8 Pin=XP11-8
Added Pin To Net: NetName=PB15 Pin=XP11-9
Added Pin To Net: NetName=PB14 Pin=XP11-10
Added Pin To Net: NetName=PB13 Pin=XP11-11
Added Pin To Net: NetName=PB12 Pin=XP11-12
Added Member To Class: ClassName=Sheet2 Member=Component A7 Blackpill-stm32f401ccu6
Added Member To Class: ClassName=Sheet2 Member=Component XP10
Added Member To Class: ClassName=Sheet2 Member=Component XP11
