Remove Pin=A1-1 From Net=EN1_2
Remove Pin=A1-2 From Net=EN2_2
Remove Pin=A1-3 From Net=CS1_2
Remove Pin=A1-4 From Net=CS2_2
Remove Pin=A1-5 From Net=INA2_2
Remove Pin=A1-6 From Net=PWM1_2
Remove Pin=A1-7 From Net=PWM2_2
Remove Pin=A1-8 From Net=INA1_2
Remove Pin=A1-9 From Net=INB1_2
Remove Pin=A1-10 From Net=INB2_2
Remove Pin=A2-1 From Net=EN1_1
Remove Pin=A2-2 From Net=EN2_1
Remove Pin=A2-3 From Net=CS1_1
Remove Pin=A2-4 From Net=CS2_1
Remove Pin=A2-5 From Net=INA2_1
Remove Pin=A2-6 From Net=PWM1_1
Remove Pin=A2-7 From Net=PWM2_1
Remove Pin=A2-8 From Net=INA1_1
Remove Pin=A2-9 From Net=INB1_1
Remove Pin=A2-10 From Net=INB2_1
Remove Pin=A5-1 From Net=SPI2_NSS_1
Remove Pin=A5-2 From Net=SPI2_SCK
Remove Pin=A5-3 From Net=SPI2_MISO
Remove Pin=A5-4 From Net=SPI2_MOSI
Remove Pin=A5-5 From Net=ENC1_CH1_1
Remove Pin=A5-6 From Net=ENC1_CH2_1
Remove Pin=A5-11 From Net=INA2_1
Remove Pin=A5-12 From Net=INB2_1
Remove Pin=A5-13 From Net=EN2_1
Remove Pin=A5-14 From Net=INA1_1
Remove Pin=A5-15 From Net=INB1_1
Remove Pin=A5-16 From Net=EN1_1
Remove Pin=A5-29 From Net=PWM2_1
Remove Pin=A5-30 From Net=PWM1_1
Remove Pin=A5-33 From Net=CS2_1
Remove Pin=A5-34 From Net=CS1_1
Remove Pin=A5-35 From Net=ENC2_CH2_1
Remove Pin=A5-36 From Net=ENC2_CH1_1
Remove Pin=A6-1 From Net=SPI2_NSS_2
Remove Pin=A6-2 From Net=SPI2_SCK
Remove Pin=A6-3 From Net=SPI2_MISO
Remove Pin=A6-4 From Net=SPI2_MOSI
Remove Pin=A6-5 From Net=ENC1_CH1_2
Remove Pin=A6-6 From Net=ENC1_CH2_2
Remove Pin=A6-11 From Net=INA2_2
Remove Pin=A6-12 From Net=INB2_2
Remove Pin=A6-13 From Net=EN2_2
Remove Pin=A6-14 From Net=INA1_2
Remove Pin=A6-15 From Net=INB1_2
Remove Pin=A6-16 From Net=EN1_2
Remove Pin=A6-29 From Net=PWM2_2
Remove Pin=A6-30 From Net=PWM1_2
Remove Pin=A6-33 From Net=CS2_2
Remove Pin=A6-34 From Net=CS1_2
Remove Pin=A6-35 From Net=ENC2_CH2_2
Remove Pin=A6-36 From Net=ENC2_CH1_2
Remove Pin=A7-1 From Net=PB12
Remove Pin=A7-2 From Net=PB13
Remove Pin=A7-3 From Net=PB14
Remove Pin=A7-4 From Net=PB15
Remove Pin=A7-5 From Net=PA8
Remove Pin=A7-6 From Net=PA9
Remove Pin=A7-7 From Net=PA10
Remove Pin=A7-24 From Net=PB10
Remove Pin=A7-26 From Net=PB1
Remove Pin=A7-27 From Net=PB0
Remove Pin=A7-33 From Net=PA2
Remove Pin=A7-34 From Net=PA1
Remove Pin=A7-37 From Net=PC15
Remove Pin=A7-38 From Net=PC14
Remove Pin=A7-39 From Net=PC13
Remove Pin=XP1-2 From Net=ENC1_CH1_1
Remove Pin=XP1-3 From Net=ENC1_CH2_1
Remove Pin=XP2-2 From Net=ENC1_CH1_2
Remove Pin=XP2-3 From Net=ENC1_CH2_2
Remove Pin=XP3-2 From Net=ENC2_CH1_1
Remove Pin=XP3-3 From Net=ENC2_CH2_1
Remove Pin=XP4-2 From Net=ENC2_CH1_2
Remove Pin=XP4-3 From Net=ENC2_CH2_2
Remove Pin=XP10-4 From Net=PB10
Remove Pin=XP10-5 From Net=PB1
Remove Pin=XP10-6 From Net=PB0
Remove Pin=XP10-7 From Net=PA2
Remove Pin=XP10-8 From Net=PA1
Remove Pin=XP10-9 From Net=PC15
Remove Pin=XP10-10 From Net=PC14
Remove Pin=XP10-11 From Net=PC13
Remove Pin=XP11-4 From Net=I2C_SDA
Remove Pin=XP11-5 From Net=I2C_SCL
Remove Pin=XP11-6 From Net=PA10
Remove Pin=XP11-7 From Net=PA9
Remove Pin=XP11-8 From Net=PA8
Remove Pin=XP11-9 From Net=PB15
Remove Pin=XP11-10 From Net=PB14
Remove Pin=XP11-11 From Net=PB13
Remove Pin=XP11-12 From Net=PB12
