Replace Part A4 GY-BNO055 in C:\GitHub\Botik\PCB Development\PCB_Project\Sheet2.SchDoc with GY-BNO055 from Schlib1.SchLib
Replace Part A7 BlackPill in C:\GitHub\Botik\PCB Development\PCB_Project\Sheet2.SchDoc with BlackPill from Schlib1.SchLib
Replace Part C1 Capasitor in C:\GitHub\Botik\PCB Development\PCB_Project\Sheet2.SchDoc with Capasitor from Schlib1.SchLib
Replace Part C2 Capasitor in C:\GitHub\Botik\PCB Development\PCB_Project\Sheet2.SchDoc with Capasitor from Schlib1.SchLib
Replace Part DD1 74HC14 in C:\GitHub\Botik\PCB Development\PCB_Project\Sheet2.SchDoc with 74HC14 from Schlib1.SchLib
Replace Part HL1 LED in C:\GitHub\Botik\PCB Development\PCB_Project\Sheet2.SchDoc with LED from Schlib1.SchLib
Replace Part HL2 LED in C:\GitHub\Botik\PCB Development\PCB_Project\Sheet2.SchDoc with LED from Schlib1.SchLib
Replace Part LS1 Buzzer in C:\GitHub\Botik\PCB Development\PCB_Project\Sheet2.SchDoc with Buzzer from Schlib1.SchLib
Replace Part R1 R1_POSTOYANNYJ_W0.5 in C:\GitHub\Botik\PCB Development\PCB_Project\Sheet2.SchDoc with R1_POSTOYANNYJ_W0.5 from Schlib1.SchLib
Replace Part R2 R1_POSTOYANNYJ_W0.5 in C:\GitHub\Botik\PCB Development\PCB_Project\Sheet2.SchDoc with R1_POSTOYANNYJ_W0.5 from Schlib1.SchLib
Replace Part R3 R1_POSTOYANNYJ_W0.5 in C:\GitHub\Botik\PCB Development\PCB_Project\Sheet2.SchDoc with R1_POSTOYANNYJ_W0.5 from Schlib1.SchLib
Replace Part R4 R1_POSTOYANNYJ_W0.5 in C:\GitHub\Botik\PCB Development\PCB_Project\Sheet2.SchDoc with R1_POSTOYANNYJ_W0.5 from Schlib1.SchLib
Replace Part R5 R1_POSTOYANNYJ_W0.5 in C:\GitHub\Botik\PCB Development\PCB_Project\Sheet2.SchDoc with R1_POSTOYANNYJ_W0.5 from Schlib1.SchLib
Replace Part R6 R1_POSTOYANNYJ_W0.5 in C:\GitHub\Botik\PCB Development\PCB_Project\Sheet2.SchDoc with R1_POSTOYANNYJ_W0.5 from Schlib1.SchLib
Replace Part R7 R1_POSTOYANNYJ_W0.5 in C:\GitHub\Botik\PCB Development\PCB_Project\Sheet2.SchDoc with R1_POSTOYANNYJ_W0.5 from Schlib1.SchLib
Replace Part R8 R1_POSTOYANNYJ_W0.5 in C:\GitHub\Botik\PCB Development\PCB_Project\Sheet2.SchDoc with R1_POSTOYANNYJ_W0.5 from Schlib1.SchLib
Replace Part SB1 Button in C:\GitHub\Botik\PCB Development\PCB_Project\Sheet2.SchDoc with Button from Schlib1.SchLib
Replace Part SB2 Button in C:\GitHub\Botik\PCB Development\PCB_Project\Sheet2.SchDoc with Button from Schlib1.SchLib
Replace Part VT1 BCR112E6327HTSA1 in C:\GitHub\Botik\PCB Development\PCB_Project\Sheet2.SchDoc with BCR112E6327HTSA1 from Schlib1.SchLib
Replace Part XP10 Connector-11 in C:\GitHub\Botik\PCB Development\PCB_Project\Sheet2.SchDoc with Connector-11 from Schlib1.SchLib
Replace Part XP11 Connector-12 in C:\GitHub\Botik\PCB Development\PCB_Project\Sheet2.SchDoc with Connector-12 from Schlib1.SchLib
