Replace Part A1 MonsterMotoShield in C:\GitHub\Botik\PCB Development\PCB_Project\Sheet1.SchDoc with MonsterMotoShield from Schlib1.SchLib
Replace Part A2 MonsterMotoShield in C:\GitHub\Botik\PCB Development\PCB_Project\Sheet1.SchDoc with MonsterMotoShield from Schlib1.SchLib
Replace Part A3 DC-DC in C:\GitHub\Botik\PCB Development\PCB_Project\Sheet1.SchDoc with DC-DC from Schlib1.SchLib
Replace Part A5 BluePill in C:\GitHub\Botik\PCB Development\PCB_Project\Sheet1.SchDoc with BluePill from Schlib1.SchLib
Replace Part A6 BluePill in C:\GitHub\Botik\PCB Development\PCB_Project\Sheet1.SchDoc with BluePill from Schlib1.SchLib
Replace Part DA1 INA181A1IDBVR in C:\GitHub\Botik\PCB Development\PCB_Project\Sheet1.SchDoc with INA181A1IDBVR from Schlib1.SchLib
Replace Part DA2 INA181A1IDBVR in C:\GitHub\Botik\PCB Development\PCB_Project\Sheet1.SchDoc with INA181A1IDBVR from Schlib1.SchLib
Replace Part DA3 LM358DGKR in C:\GitHub\Botik\PCB Development\PCB_Project\Sheet1.SchDoc with LM358DGKR from Schlib1.SchLib
Replace Part DA4 INA181A1IDBVR in C:\GitHub\Botik\PCB Development\PCB_Project\Sheet1.SchDoc with INA181A1IDBVR from Schlib1.SchLib
Replace Part DA5 INA181A1IDBVR in C:\GitHub\Botik\PCB Development\PCB_Project\Sheet1.SchDoc with INA181A1IDBVR from Schlib1.SchLib
Replace Part R9 R1_POSTOYANNYJ_W0.5 in C:\GitHub\Botik\PCB Development\PCB_Project\Sheet1.SchDoc with R1_POSTOYANNYJ_W0.5 from Schlib1.SchLib
Replace Part R10 R1_POSTOYANNYJ_W0.5 in C:\GitHub\Botik\PCB Development\PCB_Project\Sheet1.SchDoc with R1_POSTOYANNYJ_W0.5 from Schlib1.SchLib
Replace Part R11 R1_POSTOYANNYJ_W0.5 in C:\GitHub\Botik\PCB Development\PCB_Project\Sheet1.SchDoc with R1_POSTOYANNYJ_W0.5 from Schlib1.SchLib
Replace Part R12 R1_POSTOYANNYJ_W0.5 in C:\GitHub\Botik\PCB Development\PCB_Project\Sheet1.SchDoc with R1_POSTOYANNYJ_W0.5 from Schlib1.SchLib
Replace Part R13 R1_POSTOYANNYJ_W0.5 in C:\GitHub\Botik\PCB Development\PCB_Project\Sheet1.SchDoc with R1_POSTOYANNYJ_W0.5 from Schlib1.SchLib
Replace Part R14 R1_POSTOYANNYJ_W0.5 in C:\GitHub\Botik\PCB Development\PCB_Project\Sheet1.SchDoc with R1_POSTOYANNYJ_W0.5 from Schlib1.SchLib
Replace Part XP1 JST4 in C:\GitHub\Botik\PCB Development\PCB_Project\Sheet1.SchDoc with JST4 from Schlib1.SchLib
Replace Part XP2 JST4 in C:\GitHub\Botik\PCB Development\PCB_Project\Sheet1.SchDoc with JST4 from Schlib1.SchLib
Replace Part XP3 JST4 in C:\GitHub\Botik\PCB Development\PCB_Project\Sheet1.SchDoc with JST4 from Schlib1.SchLib
Replace Part XP4 JST4 in C:\GitHub\Botik\PCB Development\PCB_Project\Sheet1.SchDoc with JST4 from Schlib1.SchLib
Replace Part XP5 JST VH(B2P-VH) in C:\GitHub\Botik\PCB Development\PCB_Project\Sheet1.SchDoc with JST VH(B2P-VH) from Schlib1.SchLib
Replace Part XP6 JST VH(B2P-VH) in C:\GitHub\Botik\PCB Development\PCB_Project\Sheet1.SchDoc with JST VH(B2P-VH) from Schlib1.SchLib
Replace Part XP7 JST VH(B2P-VH) in C:\GitHub\Botik\PCB Development\PCB_Project\Sheet1.SchDoc with JST VH(B2P-VH) from Schlib1.SchLib
Replace Part XP8 JST VH(B2P-VH) in C:\GitHub\Botik\PCB Development\PCB_Project\Sheet1.SchDoc with JST VH(B2P-VH) from Schlib1.SchLib
Replace Part XP9 XT60 in C:\GitHub\Botik\PCB Development\PCB_Project\Sheet1.SchDoc with XT60 from Schlib1.SchLib
Replace Part XP12 Connector-4 in C:\GitHub\Botik\PCB Development\PCB_Project\Sheet1.SchDoc with Connector-4 from Schlib1.SchLib
Replace Part XP13 Connector-4 in C:\GitHub\Botik\PCB Development\PCB_Project\Sheet1.SchDoc with Connector-4 from Schlib1.SchLib
Replace Part XP14 Connector-3 in C:\GitHub\Botik\PCB Development\PCB_Project\Sheet1.SchDoc with Connector-3 from Schlib1.SchLib
Replace Part XP15 Connector-3 in C:\GitHub\Botik\PCB Development\PCB_Project\Sheet1.SchDoc with Connector-3 from Schlib1.SchLib
Replace Part XP16 Connector-3 in C:\GitHub\Botik\PCB Development\PCB_Project\Sheet1.SchDoc with Connector-3 from Schlib1.SchLib
Replace Part XP17 Connector-3 in C:\GitHub\Botik\PCB Development\PCB_Project\Sheet1.SchDoc with Connector-3 from Schlib1.SchLib
