Remove Pin=A7-1 From Net=PB12
Remove Pin=A7-2 From Net=PB13
Remove Pin=A7-3 From Net=PB14
Remove Pin=A7-4 From Net=PB15
Remove Pin=A7-5 From Net=PA8
Remove Pin=A7-6 From Net=PA9
Remove Pin=A7-7 From Net=PA10
Remove Pin=A7-24 From Net=PB10
Remove Pin=A7-26 From Net=PB1
Remove Pin=A7-27 From Net=PB0
Remove Pin=A7-33 From Net=PA2
Remove Pin=A7-34 From Net=PA1
Remove Pin=A7-37 From Net=PC15
Remove Pin=A7-38 From Net=PC14
Remove Pin=A7-39 From Net=PC13
Remove Pin=XP10-4 From Net=PB10
Remove Pin=XP10-5 From Net=PB1
Remove Pin=XP10-6 From Net=PB0
Remove Pin=XP10-7 From Net=PA2
Remove Pin=XP10-8 From Net=PA1
Remove Pin=XP10-9 From Net=PC15
Remove Pin=XP10-10 From Net=PC14
Remove Pin=XP10-11 From Net=PC13
Remove Pin=XP11-4 From Net=I2C_SDA
Remove Pin=XP11-5 From Net=I2C_SCL
Remove Pin=XP11-6 From Net=PA10
Remove Pin=XP11-7 From Net=PA9
Remove Pin=XP11-8 From Net=PA8
Remove Pin=XP11-9 From Net=PB15
Remove Pin=XP11-10 From Net=PB14
Remove Pin=XP11-11 From Net=PB13
Remove Pin=XP11-12 From Net=PB12
